The following 1 direct dependency failed to precompile:

MbedTLS_jll 

Failed to precompile MbedTLS_jll [c8ffd9c3-330d-5841-b78e-0817d7145fa1] to "/home/runner/.julia/compiled/v1.12/MbedTLS_jll/jl_5YUBtr".
ERROR: LoadError: ArgumentError: Package MbedTLS_jll does not have JLLWrappers in its dependencies:
- Note that the following manifests in the load path were resolved with a different
  julia version, which may be the cause of the error. Try to re-resolve them in the
  current version, or consider deleting them if that fails:
    /home/runner/work/federicomor.github.io/federicomor.github.io/Manifest.toml (v1.11.7)
- You may have a partially installed environment. Try `Pkg.instantiate()`
  to ensure all packages in the environment are installed.
- Or, if you have MbedTLS_jll checked out for development and have
  added JLLWrappers as a dependency but haven't updated your primary
  environment's manifest file, try `Pkg.resolve()`.
- Otherwise you may need to report an issue with MbedTLS_jll
Stacktrace:
  [1] macro expansion
    @ ./loading.jl:2406 [inlined]
  [2] macro expansion
    @ ./lock.jl:376 [inlined]
  [3] __require(into::Module, mod::Symbol)
    @ Base ./loading.jl:2386
  [4] require(into::Module, mod::Symbol)
    @ Base ./loading.jl:2362
  [5] top-level scope
    @ ~/.julia/packages/MbedTLS_jll/GYTVP/src/MbedTLS_jll.jl:5
  [6] include(mod::Module, _path::String)
    @ Base ./Base.jl:306
  [7] include_package_for_output(pkg::Base.PkgId, input::String, depot_path::Vector{String}, dl_load_path::Vector{String}, load_path::Vector{String}, concrete_deps::Vector{Pair{Base.PkgId, UInt128}}, source::Nothing)
    @ Base ./loading.jl:3024
  [8] top-level scope
    @ stdin:5
  [9] eval(m::Module, e::Any)
    @ Core ./boot.jl:489
 [10] include_string(mapexpr::typeof(identity), mod::Module, code::String, filename::String)
    @ Base ./loading.jl:2870
 [11] include_string
    @ ./loading.jl:2880 [inlined]
 [12] exec_options(opts::Base.JLOptions)
    @ Base ./client.jl:315
 [13] _start()
    @ Base ./client.jl:550
in expression starting at /home/runner/.julia/packages/MbedTLS_jll/GYTVP/src/MbedTLS_jll.jl:2
in expression starting at stdin:
