Working with 4 bowls and 3 balls.
All states and minimal representations:
[3, 0, 0, 0] => [0, 0, 0, 3]
[2, 1, 0, 0] => [0, 0, 1, 2]
[1, 2, 0, 0] => [0, 0, 1, 2]
[0, 3, 0, 0] => [0, 0, 0, 3]
[2, 0, 1, 0] => [0, 1, 0, 2]
[1, 1, 1, 0] => [0, 1, 1, 1]
[0, 2, 1, 0] => [0, 0, 1, 2]
[1, 0, 2, 0] => [0, 1, 0, 2]
[0, 1, 2, 0] => [0, 0, 1, 2]
[0, 0, 3, 0] => [0, 0, 0, 3]
[2, 0, 0, 1] => [0, 0, 1, 2]
[1, 1, 0, 1] => [0, 1, 1, 1]
[0, 2, 0, 1] => [0, 1, 0, 2]
[1, 0, 1, 1] => [0, 1, 1, 1]
[0, 1, 1, 1] => [0, 1, 1, 1]
[0, 0, 2, 1] => [0, 0, 1, 2]
[1, 0, 0, 2] => [0, 0, 1, 2]
[0, 1, 0, 2] => [0, 1, 0, 2]
[0, 0, 1, 2] => [0, 0, 1, 2]
[0, 0, 0, 3] => [0, 0, 0, 3]
Initial probabilities:
[0, 0, 0, 3] => 0.0625
[0, 0, 1, 2] => 0.375
[0, 1, 0, 2] => 0.1875
[0, 1, 1, 1] => 0.375
