The following 1 direct dependency failed to precompile:

PlotlyJS 

Failed to precompile PlotlyJS [f0f68f2c-4968-5e81-91da-67840de0976a] to "/home/runner/.julia/compiled/v1.11/PlotlyJS/jl_6hJKUN".
ERROR: LoadError: UndefVarError: `Writer` not defined in `JSON`
Stacktrace:
 [1] getproperty(x::Module, f::Symbol)
   @ Base ./Base.jl:42
 [2] top-level scope
   @ ~/.julia/packages/WebIO/8Xm9p/src/syntax.jl:229
 [3] include(mod::Module, _path::String)
   @ Base ./Base.jl:562
 [4] include(x::String)
   @ WebIO ~/.julia/packages/WebIO/8Xm9p/src/WebIO.jl:1
 [5] top-level scope
   @ ~/.julia/packages/WebIO/8Xm9p/src/WebIO.jl:40
 [6] include
   @ ./Base.jl:562 [inlined]
 [7] include_package_for_output(pkg::Base.PkgId, input::String, depot_path::Vector{String}, dl_load_path::Vector{String}, load_path::Vector{String}, concrete_deps::Vector{Pair{Base.PkgId, UInt128}}, source::String)
   @ Base ./loading.jl:2881
 [8] top-level scope
   @ stdin:6
in expression starting at /home/runner/.julia/packages/WebIO/8Xm9p/src/syntax.jl:229
in expression starting at /home/runner/.julia/packages/WebIO/8Xm9p/src/WebIO.jl:1
in expression starting at stdin:6
ERROR: LoadError: Failed to precompile WebIO [0f1e0344-ec1d-5b48-a673-e5cf874b6c29] to "/home/runner/.julia/compiled/v1.11/WebIO/jl_tQSgPa".
Stacktrace:
  [1] error(s::String)
    @ Base ./error.jl:35
  [2] compilecache(pkg::Base.PkgId, path::String, internal_stderr::IO, internal_stdout::IO, keep_loaded_modules::Bool; flags::Cmd, cacheflags::Base.CacheFlags, reasons::Dict{String, Int64}, loadable_exts::Nothing)
    @ Base ./loading.jl:3174
  [3] (::Base.var"#1110#1111"{Base.PkgId})()
    @ Base ./loading.jl:2579
  [4] mkpidlock(f::Base.var"#1110#1111"{Base.PkgId}, at::String, pid::Int32; kwopts::@Kwargs{stale_age::Int64, wait::Bool})
    @ FileWatching.Pidfile /opt/hostedtoolcache/julia/1.11.7/x64/share/julia/stdlib/v1.11/FileWatching/src/pidfile.jl:95
  [5] #mkpidlock#6
    @ /opt/hostedtoolcache/julia/1.11.7/x64/share/julia/stdlib/v1.11/FileWatching/src/pidfile.jl:90 [inlined]
  [6] trymkpidlock(::Function, ::Vararg{Any}; kwargs::@Kwargs{stale_age::Int64})
    @ FileWatching.Pidfile /opt/hostedtoolcache/julia/1.11.7/x64/share/julia/stdlib/v1.11/FileWatching/src/pidfile.jl:116
  [7] #invokelatest#2
    @ ./essentials.jl:1057 [inlined]
  [8] invokelatest
    @ ./essentials.jl:1052 [inlined]
  [9] maybe_cachefile_lock(f::Base.var"#1110#1111"{Base.PkgId}, pkg::Base.PkgId, srcpath::String; stale_age::Int64)
    @ Base ./loading.jl:3698
 [10] maybe_cachefile_lock
    @ ./loading.jl:3695 [inlined]
 [11] _require(pkg::Base.PkgId, env::String)
    @ Base ./loading.jl:2565
 [12] __require_prelocked(uuidkey::Base.PkgId, env::String)
    @ Base ./loading.jl:2388
 [13] #invoke_in_world#3
    @ ./essentials.jl:1089 [inlined]
 [14] invoke_in_world
    @ ./essentials.jl:1086 [inlined]
 [15] _require_prelocked(uuidkey::Base.PkgId, env::String)
    @ Base ./loading.jl:2375
 [16] macro expansion
    @ ./loading.jl:2314 [inlined]
 [17] macro expansion
    @ ./lock.jl:273 [inlined]
 [18] __require(into::Module, mod::Symbol)
    @ Base ./loading.jl:2271
 [19] #invoke_in_world#3
    @ ./essentials.jl:1089 [inlined]
 [20] invoke_in_world
    @ ./essentials.jl:1086 [inlined]
 [21] require(into::Module, mod::Symbol)
    @ Base ./loading.jl:2260
 [22] include
    @ ./Base.jl:562 [inlined]
 [23] include_package_for_output(pkg::Base.PkgId, input::String, depot_path::Vector{String}, dl_load_path::Vector{String}, load_path::Vector{String}, concrete_deps::Vector{Pair{Base.PkgId, UInt128}}, source::Nothing)
    @ Base ./loading.jl:2881
 [24] top-level scope
    @ stdin:6
in expression starting at /home/runner/.julia/packages/PlotlyJS/60kan/src/PlotlyJS.jl:1
in expression starting at stdin:
